<?xml version="1.0" encoding="UTF-8"?>
<testng-results ignored="0" total="1" passed="1" failed="0" skipped="0">
  <reporter-output>
  </reporter-output>
  <suite started-at="2026-08-30T20:42:32 IST" name="Suite" finished-at="2026-08-30T20:42:38 IST" duration-ms="5894">
    <groups>
    </groups>
    <test started-at="2026-08-30T20:42:32 IST" name="Test" finished-at="2026-08-30T20:42:38 IST" duration-ms="5894">
      <class name="tests.MyProfile_TestCase">
        <test-method is-config="true" signature="setup(java.lang.String)[pri:0, instance:tests.MyProfile_TestCase@bcec361]" started-at="2026-08-30T20:42:33 IST" name="setup" finished-at="2026-08-30T20:42:37 IST" duration-ms="4855" status="PASS">
          <params>
            <param index="0">
              <value>
                <![CDATA[edge]]>
              </value>
            </param>
          </params>
          <reporter-output>
          </reporter-output>
        </test-method> <!-- setup -->
        <test-method signature="myProfileVerification()[pri:0, instance:tests.MyProfile_TestCase@bcec361]" started-at="2026-08-30T20:42:37 IST" name="myProfileVerification" finished-at="2026-08-30T20:42:38 IST" duration-ms="795" status="PASS">
          <reporter-output>
          </reporter-output>
        </test-method> <!-- myProfileVerification -->
        <test-method is-config="true" signature="tearDown()[pri:0, instance:tests.MyProfile_TestCase@bcec361]" started-at="2026-08-30T20:42:38 IST" name="tearDown" finished-at="2026-08-30T20:42:38 IST" duration-ms="204" status="PASS">
          <reporter-output>
          </reporter-output>
        </test-method> <!-- tearDown -->
      </class> <!-- tests.MyProfile_TestCase -->
    </test> <!-- Test -->
  </suite> <!-- Suite -->
</testng-results>
