<?xml version="1.0" encoding="UTF-8"?>
<!-- Generated by org.testng.reporters.JUnitReportReporter -->
<testsuite hostname="samsung" failures="0" tests="5" name="tests.MultipleProductDataDriven_TestCase" time="24.649" errors="0" timestamp="2026-08-26T19:05:48 IST" skipped="0">
  <testcase classname="tests.MultipleProductDataDriven_TestCase" name="searchMultipleProducts" time="5.165"/>
  <testcase classname="tests.MultipleProductDataDriven_TestCase" name="searchMultipleProducts" time="4.383"/>
  <testcase classname="tests.MultipleProductDataDriven_TestCase" name="searchMultipleProducts" time="4.929"/>
  <testcase classname="tests.MultipleProductDataDriven_TestCase" name="searchMultipleProducts" time="4.720"/>
  <testcase classname="tests.MultipleProductDataDriven_TestCase" name="searchMultipleProducts" time="5.452"/>
</testsuite> <!-- tests.MultipleProductDataDriven_TestCase -->
